/!\ FAILSAFE /!\  Mon Nov 19 18:21:34 +0200 2012
  Status: 500 Internal Server Error
  no such file to load -- sqlite3
    /home/hemdat/.rvm/rubies/ruby-1.8.7-p371/lib/ruby/site_ruby/1.8/rubygems/custom_require.rb:31:in `gem_original_require'
    /home/hemdat/.rvm/rubies/ruby-1.8.7-p371/lib/ruby/site_ruby/1.8/rubygems/custom_require.rb:31:in `require'
    /home/hemdat/.rvm/gems/ruby-1.8.7-p371/gems/activesupport-2.3.11/lib/active_support/dependencies.rb:182:in `require'
    /home/hemdat/.rvm/gems/ruby-1.8.7-p371/gems/activesupport-2.3.11/lib/active_support/dependencies.rb:547:in `new_constants_in'
    /home/hemdat/.rvm/gems/ruby-1.8.7-p371/gems/activesupport-2.3.11/lib/active_support/dependencies.rb:182:in `require'
    /home/hemdat/.rvm/gems/ruby-1.8.7-p371/gems/activesupport-2.3.11/lib/active_support/core_ext/kernel/requires.rb:7:in `require_library_or_gem'
    /home/hemdat/.rvm/gems/ruby-1.8.7-p371/gems/activesupport-2.3.11/lib/active_support/core_ext/kernel/reporting.rb:11:in `silence_warnings'
    /home/hemdat/.rvm/gems/ruby-1.8.7-p371/gems/activesupport-2.3.11/lib/active_support/core_ext/kernel/requires.rb:5:in `require_library_or_gem'
    /home/hemdat/.rvm/gems/ruby-1.8.7-p371/gems/activerecord-2.3.11/lib/active_record/connection_adapters/sqlite3_adapter.rb:10:in `sqlite3_connection'
    /home/hemdat/.rvm/gems/ruby-1.8.7-p371/gems/activerecord-2.3.11/lib/active_record/connection_adapters/abstract/connection_pool.rb:223:in `send'
    /home/hemdat/.rvm/gems/ruby-1.8.7-p371/gems/activerecord-2.3.11/lib/active_record/connection_adapters/abstract/connection_pool.rb:223:in `new_connection'
    /home/hemdat/.rvm/gems/ruby-1.8.7-p371/gems/activerecord-2.3.11/lib/active_record/connection_adapters/abstract/connection_pool.rb:245:in `checkout_new_connection'
    /home/hemdat/.rvm/gems/ruby-1.8.7-p371/gems/activerecord-2.3.11/lib/active_record/connection_adapters/abstract/connection_pool.rb:188:in `checkout'
    /home/hemdat/.rvm/gems/ruby-1.8.7-p371/gems/activerecord-2.3.11/lib/active_record/connection_adapters/abstract/connection_pool.rb:184:in `loop'
    /home/hemdat/.rvm/gems/ruby-1.8.7-p371/gems/activerecord-2.3.11/lib/active_record/connection_adapters/abstract/connection_pool.rb:184:in `checkout'
    /home/hemdat/.rvm/rubies/ruby-1.8.7-p371/lib/ruby/1.8/monitor.rb:242:in `synchronize'
    /home/hemdat/.rvm/gems/ruby-1.8.7-p371/gems/activerecord-2.3.11/lib/active_record/connection_adapters/abstract/connection_pool.rb:183:in `checkout'
    /home/hemdat/.rvm/gems/ruby-1.8.7-p371/gems/activerecord-2.3.11/lib/active_record/connection_adapters/abstract/connection_pool.rb:98:in `connection'
    /home/hemdat/.rvm/gems/ruby-1.8.7-p371/gems/activerecord-2.3.11/lib/active_record/connection_adapters/abstract/connection_pool.rb:326:in `retrieve_connection'
    /home/hemdat/.rvm/gems/ruby-1.8.7-p371/gems/activerecord-2.3.11/lib/active_record/connection_adapters/abstract/connection_specification.rb:123:in `retrieve_connection'
    /home/hemdat/.rvm/gems/ruby-1.8.7-p371/gems/activerecord-2.3.11/lib/active_record/connection_adapters/abstract/connection_specification.rb:115:in `connection'
    /home/hemdat/.rvm/gems/ruby-1.8.7-p371/gems/activerecord-2.3.11/lib/active_record/query_cache.rb:9:in `cache'
    /home/hemdat/.rvm/gems/ruby-1.8.7-p371/gems/activerecord-2.3.11/lib/active_record/query_cache.rb:28:in `call'
    /home/hemdat/.rvm/gems/ruby-1.8.7-p371/gems/activerecord-2.3.11/lib/active_record/connection_adapters/abstract/connection_pool.rb:361:in `call'
    /home/hemdat/.rvm/gems/ruby-1.8.7-p371/gems/actionpack-2.3.11/lib/action_controller/string_coercion.rb:25:in `call'
    /home/hemdat/.rvm/gems/ruby-1.8.7-p371/gems/rack-1.1.3/lib/rack/head.rb:9:in `call'
    /home/hemdat/.rvm/gems/ruby-1.8.7-p371/gems/rack-1.1.3/lib/rack/methodoverride.rb:24:in `call'
    /home/hemdat/.rvm/gems/ruby-1.8.7-p371/gems/actionpack-2.3.11/lib/action_controller/params_parser.rb:15:in `call'
    /home/hemdat/.rvm/gems/ruby-1.8.7-p371/gems/actionpack-2.3.11/lib/action_controller/session/cookie_store.rb:99:in `call'
    /home/hemdat/.rvm/gems/ruby-1.8.7-p371/gems/actionpack-2.3.11/lib/action_controller/failsafe.rb:26:in `call'
    /home/hemdat/.rvm/gems/ruby-1.8.7-p371/gems/rack-1.1.3/lib/rack/lock.rb:11:in `call'
    /home/hemdat/.rvm/gems/ruby-1.8.7-p371/gems/rack-1.1.3/lib/rack/lock.rb:11:in `synchronize'
    /home/hemdat/.rvm/gems/ruby-1.8.7-p371/gems/rack-1.1.3/lib/rack/lock.rb:11:in `call'
    /home/hemdat/.rvm/gems/ruby-1.8.7-p371/gems/actionpack-2.3.11/lib/action_controller/dispatcher.rb:114:in `call'
    /home/hemdat/.rvm/gems/ruby-1.8.7-p371/gems/actionpack-2.3.11/lib/action_controller/reloader.rb:34:in `run'
    /home/hemdat/.rvm/gems/ruby-1.8.7-p371/gems/actionpack-2.3.11/lib/action_controller/dispatcher.rb:108:in `call'
    /home/hemdat/.rvm/gems/ruby-1.8.7-p371/gems/rails-2.3.11/lib/rails/rack/static.rb:31:in `call'
    /home/hemdat/.rvm/gems/ruby-1.8.7-p371/gems/rack-1.1.3/lib/rack/urlmap.rb:47:in `call'
    /home/hemdat/.rvm/gems/ruby-1.8.7-p371/gems/rack-1.1.3/lib/rack/urlmap.rb:41:in `each'
    /home/hemdat/.rvm/gems/ruby-1.8.7-p371/gems/rack-1.1.3/lib/rack/urlmap.rb:41:in `call'
    /home/hemdat/.rvm/gems/ruby-1.8.7-p371/gems/rails-2.3.11/lib/rails/rack/log_tailer.rb:17:in `call'
    /home/hemdat/.rvm/gems/ruby-1.8.7-p371/gems/rack-1.1.3/lib/rack/content_length.rb:13:in `call'
    /home/hemdat/.rvm/gems/ruby-1.8.7-p371/gems/rack-1.1.3/lib/rack/chunked.rb:15:in `call'
    /home/hemdat/.rvm/gems/ruby-1.8.7-p371/gems/rack-1.1.3/lib/rack/handler/mongrel.rb:67:in `process'
    /home/hemdat/.rvm/gems/ruby-1.8.7-p371/gems/mongrel-1.1.5/lib/mongrel.rb:159:in `process_client'
    /home/hemdat/.rvm/gems/ruby-1.8.7-p371/gems/mongrel-1.1.5/lib/mongrel.rb:158:in `each'
    /home/hemdat/.rvm/gems/ruby-1.8.7-p371/gems/mongrel-1.1.5/lib/mongrel.rb:158:in `process_client'
    /home/hemdat/.rvm/gems/ruby-1.8.7-p371/gems/mongrel-1.1.5/lib/mongrel.rb:285:in `run'
    /home/hemdat/.rvm/gems/ruby-1.8.7-p371/gems/mongrel-1.1.5/lib/mongrel.rb:285:in `initialize'
    /home/hemdat/.rvm/gems/ruby-1.8.7-p371/gems/mongrel-1.1.5/lib/mongrel.rb:285:in `new'
    /home/hemdat/.rvm/gems/ruby-1.8.7-p371/gems/mongrel-1.1.5/lib/mongrel.rb:285:in `run'
    /home/hemdat/.rvm/gems/ruby-1.8.7-p371/gems/mongrel-1.1.5/lib/mongrel.rb:268:in `initialize'
    /home/hemdat/.rvm/gems/ruby-1.8.7-p371/gems/mongrel-1.1.5/lib/mongrel.rb:268:in `new'
    /home/hemdat/.rvm/gems/ruby-1.8.7-p371/gems/mongrel-1.1.5/lib/mongrel.rb:268:in `run'
    /home/hemdat/.rvm/gems/ruby-1.8.7-p371/gems/rack-1.1.3/lib/rack/handler/mongrel.rb:38:in `run'
    /home/hemdat/.rvm/gems/ruby-1.8.7-p371/gems/rails-2.3.11/lib/commands/server.rb:111
    /home/hemdat/.rvm/rubies/ruby-1.8.7-p371/lib/ruby/site_ruby/1.8/rubygems/custom_require.rb:31:in `gem_original_require'
    /home/hemdat/.rvm/rubies/ruby-1.8.7-p371/lib/ruby/site_ruby/1.8/rubygems/custom_require.rb:31:in `require'
    script/server:3


Processing Rails::InfoController#properties (for 127.0.0.1 at 2012-11-20 09:31:06) [GET]
  [4;36;1mSQL (0.3ms)[0m   [0;1m SELECT name
 FROM sqlite_master
 WHERE type = 'table' AND NOT name = 'sqlite_sequence'
[0m
Completed in 60ms (View: 10, DB: 0) | 200 OK [http://localhost/rails/info/properties]
